<?xml version="1.0" encoding="UTF-8"?>
<TestRun id="4d584c87-b1fa-4065-9716-2c4a69c8db6d" name="achahal@S24S104 2013-01-18 17:01:11" runUser="ESCOUTNET\achahal" xmlns="http://microsoft.com/schemas/VisualStudio/TeamTest/2010">
  <TestSettings name="Local" id="ba7c3b81-89d2-4976-b032-f712b6ba6f57">
    <Description>These are default test settings for a local test run.</Description>
    <Deployment enabled="false" runDeploymentRoot="achahal_S24S104 2013-01-18 17_01_11">
      <DeploymentItem filename="D:\ajit\rnd\CastleActiveRecordTest\CastleActiveRecordTest\shared\Castle.ActiveRecord.dll" />
      <DeploymentItem filename="D:\ajit\rnd\CastleActiveRecordTest\CastleActiveRecordTest\shared\NHibernate.ByteCode.Castle.dll" />
      <DeploymentItem filename="D:\ajit\rnd\CastleActiveRecordTest\CastleActiveRecordTest\shared\Castle.Components.Validator.dll" />
      <DeploymentItem filename="D:\ajit\rnd\CastleActiveRecordTest\packages\Castle.Activerecord.3.0.0.1\lib\Net40\NHibernate.Search.dll" />
      <DeploymentItem filename="D:\ajit\rnd\CastleActiveRecordTest\CastleActiveRecordTest\shared\Castle.Core.dll" />
      <DeploymentItem filename="D:\ajit\rnd\CastleActiveRecordTest\CastleActiveRecordTest\shared\Castle.ActiveRecord.Web.dll" />
      <DeploymentItem filename="D:\ajit\rnd\CastleActiveRecordTest\packages\Iesi.Collections.3.1.0.4000\lib\Net35\Iesi.Collections.dll" />
      <DeploymentItem filename="D:\ajit\rnd\CastleActiveRecordTest\packages\NHibernate.3.1.0.4000\lib\Net35\NHibernate.dll" />
      <DeploymentItem filename="D:\ajit\rnd\CastleActiveRecordTest\NewTest\bin\Debug\EntityFramework.dll" />
      <DeploymentItem filename="D:\ajit\rnd\CastleActiveRecordTest\CastleActiveRecordTest\bin\CastleActiveRecordTest.dll" />
    </Deployment>
    <Execution>
      <TestTypeSpecific />
      <AgentRule name="Execution Agents">
      </AgentRule>
    </Execution>
  </TestSettings>
  <Times creation="2013-01-18T17:01:11.9920995+01:00" queuing="2013-01-18T17:01:13.1932196+01:00" start="2013-01-18T17:01:13.3262329+01:00" finish="2013-01-18T17:04:43.0372019+01:00" />
  <ResultSummary outcome="Error">
    <Counters total="1" executed="1" error="0" failed="0" timeout="0" aborted="1" inconclusive="0" passedButRunAborted="0" notRunnable="0" notExecuted="0" disconnected="0" warning="0" passed="0" completed="0" inProgress="0" pending="0" />
    <RunInfos>
      <RunInfo computerName="S24S104" outcome="Error" timestamp="2013-01-18T17:04:43.0362018+01:00">
        <Text>Test host process exited unexpectedly.</Text>
      </RunInfo>
    </RunInfos>
  </ResultSummary>
  <TestDefinitions>
    <UnitTest name="ReportsGetTest" storage="d:\ajit\rnd\castleactiverecordtest\newtest\bin\debug\newtest.dll" id="86c34846-de0b-cb7e-2f91-fd69d9afb818">
      <Execution id="044b2329-cae1-4125-b1f1-4f3e8daede45" />
      <TestMethod codeBase="D:/ajit/rnd/CastleActiveRecordTest/NewTest/bin/Debug/NewTest.DLL" adapterTypeName="Microsoft.VisualStudio.TestTools.TestTypes.Unit.UnitTestAdapter, Microsoft.VisualStudio.QualityTools.Tips.UnitTest.Adapter, Version=10.0.0.0, Culture=neutral, PublicKeyToken=b03f5f7f11d50a3a" className="NewTest.MvcApplicationTest, NewTest, Version=1.0.0.0, Culture=neutral, PublicKeyToken=null" name="ReportsGetTest" />
    </UnitTest>
  </TestDefinitions>
  <TestLists>
    <TestList name="Results Not in a List" id="8c84fa94-04c1-424b-9868-57a2d4851a1d" />
    <TestList name="All Loaded Results" id="19431567-8539-422a-85d7-44ee4e166bda" />
  </TestLists>
  <TestEntries>
    <TestEntry testId="86c34846-de0b-cb7e-2f91-fd69d9afb818" executionId="044b2329-cae1-4125-b1f1-4f3e8daede45" testListId="8c84fa94-04c1-424b-9868-57a2d4851a1d" />
  </TestEntries>
  <Results>
    <UnitTestResult executionId="044b2329-cae1-4125-b1f1-4f3e8daede45" testId="86c34846-de0b-cb7e-2f91-fd69d9afb818" testName="ReportsGetTest" computerName="S24S104" duration="00:03:29.5589538" startTime="2013-01-18T17:01:13.4782481+01:00" endTime="2013-01-18T17:04:43.0372019+01:00" testType="13cdc9d9-ddb5-4fa4-a97d-d965ccfc6d4b" outcome="Aborted" testListId="8c84fa94-04c1-424b-9868-57a2d4851a1d" relativeResultsDirectory="044b2329-cae1-4125-b1f1-4f3e8daede45">
    </UnitTestResult>
  </Results>
</TestRun>