<?xml version="1.0" encoding="UTF-8"?>
<TestRun id="ff707d81-7284-40c6-819b-03a9d5f82eff" name="achahal@S24S104 2013-01-25 16:21:02" runUser="ESCOUTNET\achahal" xmlns="http://microsoft.com/schemas/VisualStudio/TeamTest/2010">
  <TestSettings name="Local" id="ba7c3b81-89d2-4976-b032-f712b6ba6f57">
    <Description>These are default test settings for a local test run.</Description>
    <Deployment enabled="false" runDeploymentRoot="achahal_S24S104 2013-01-25 16_21_02">
      <DeploymentItem filename="D:\ajit\rnd\CastleActiveRecordTest-selct groupBy\CastleActiveRecordTest-selct groupBy\CastleActiveRecordTest\bin\CastleActiveRecordTest.dll" />
      <DeploymentItem filename="D:\ajit\rnd\CastleActiveRecordTest-selct groupBy\CastleActiveRecordTest-selct groupBy\CastleActiveRecordTest\shared\Castle.Core.dll" />
      <DeploymentItem filename="D:\ajit\rnd\CastleActiveRecordTest-selct groupBy\CastleActiveRecordTest-selct groupBy\CastleActiveRecordTest\shared\Castle.ActiveRecord.dll" />
      <DeploymentItem filename="D:\ajit\rnd\CastleActiveRecordTest-selct groupBy\CastleActiveRecordTest-selct groupBy\CastleActiveRecordTest\shared\Castle.ActiveRecord.Web.dll" />
      <DeploymentItem filename="D:\ajit\rnd\CastleActiveRecordTest-selct groupBy\CastleActiveRecordTest-selct groupBy\CastleActiveRecordTest\shared\NHibernate.ByteCode.Castle.dll" />
      <DeploymentItem filename="D:\ajit\rnd\CastleActiveRecordTest-selct groupBy\CastleActiveRecordTest-selct groupBy\packages\Iesi.Collections.3.1.0.4000\lib\Net35\Iesi.Collections.dll" />
      <DeploymentItem filename="D:\ajit\rnd\CastleActiveRecordTest-selct groupBy\CastleActiveRecordTest-selct groupBy\packages\NHibernate.3.1.0.4000\lib\Net35\NHibernate.dll" />
      <DeploymentItem filename="D:\ajit\rnd\CastleActiveRecordTest-selct groupBy\CastleActiveRecordTest-selct groupBy\NewTest\bin\Debug\EntityFramework.dll" />
      <DeploymentItem filename="D:\ajit\rnd\CastleActiveRecordTest-selct groupBy\CastleActiveRecordTest-selct groupBy\CastleActiveRecordTest\shared\Castle.Components.Validator.dll" />
    </Deployment>
    <Execution>
      <TestTypeSpecific />
      <AgentRule name="Execution Agents">
      </AgentRule>
    </Execution>
  </TestSettings>
  <Times creation="2013-01-25T16:21:02.9978534+01:00" queuing="2013-01-25T16:21:04.9610497+01:00" start="2013-01-25T16:21:05.4000936+01:00" finish="2013-01-25T16:21:09.1734709+01:00" />
  <ResultSummary outcome="Completed">
    <Counters total="1" executed="1" passed="1" error="0" failed="0" timeout="0" aborted="0" inconclusive="0" passedButRunAborted="0" notRunnable="0" notExecuted="0" disconnected="0" warning="0" completed="0" inProgress="0" pending="0" />
  </ResultSummary>
  <TestDefinitions>
    <UnitTest name="ReportsGetTest2" storage="d:\ajit\rnd\castleactiverecordtest-selct groupby\castleactiverecordtest-selct groupby\newtest\bin\debug\newtest.dll" id="07a2763c-7353-9ab2-94a5-8fc0d772ca51">
      <Execution id="7a971061-f4c1-40a2-b0ec-60c8e8366771" />
      <TestMethod codeBase="D:/ajit/rnd/CastleActiveRecordTest-selct groupBy/CastleActiveRecordTest-selct groupBy/NewTest/bin/Debug/NewTest.DLL" adapterTypeName="Microsoft.VisualStudio.TestTools.TestTypes.Unit.UnitTestAdapter, Microsoft.VisualStudio.QualityTools.Tips.UnitTest.Adapter, Version=10.0.0.0, Culture=neutral, PublicKeyToken=b03f5f7f11d50a3a" className="NewTest.MvcApplicationTest, NewTest, Version=1.0.0.0, Culture=neutral, PublicKeyToken=null" name="ReportsGetTest2" />
    </UnitTest>
  </TestDefinitions>
  <TestLists>
    <TestList name="Results Not in a List" id="8c84fa94-04c1-424b-9868-57a2d4851a1d" />
    <TestList name="All Loaded Results" id="19431567-8539-422a-85d7-44ee4e166bda" />
  </TestLists>
  <TestEntries>
    <TestEntry testId="07a2763c-7353-9ab2-94a5-8fc0d772ca51" executionId="7a971061-f4c1-40a2-b0ec-60c8e8366771" testListId="8c84fa94-04c1-424b-9868-57a2d4851a1d" />
  </TestEntries>
  <Results>
    <UnitTestResult executionId="7a971061-f4c1-40a2-b0ec-60c8e8366771" testId="07a2763c-7353-9ab2-94a5-8fc0d772ca51" testName="ReportsGetTest2" computerName="S24S104" duration="00:00:00.9584449" startTime="2013-01-25T16:21:05.5481084+01:00" endTime="2013-01-25T16:21:09.0994635+01:00" testType="13cdc9d9-ddb5-4fa4-a97d-d965ccfc6d4b" outcome="Passed" testListId="8c84fa94-04c1-424b-9868-57a2d4851a1d" relativeResultsDirectory="7a971061-f4c1-40a2-b0ec-60c8e8366771">
    </UnitTestResult>
  </Results>
</TestRun>