<?xml version="1.0" encoding="UTF-8"?>
<TestRun id="446d7f62-f07b-43ab-82dc-8f9667352bbb" name="Ajit@AJIT-PC 2013-01-20 23:15:57" runUser="AJIT-PC\Ajit" xmlns="http://microsoft.com/schemas/VisualStudio/TeamTest/2010">
  <TestSettings name="Local" id="ba7c3b81-89d2-4976-b032-f712b6ba6f57">
    <Description>These are default test settings for a local test run.</Description>
    <Deployment enabled="false" runDeploymentRoot="Ajit_AJIT-PC 2013-01-20 23_15_57">
      <DeploymentItem filename="D:\Ajit\RND\CastleActiveRecordTest-selct groupBy\CastleActiveRecordTest\shared\NHibernate.ByteCode.Castle.dll" />
      <DeploymentItem filename="D:\Ajit\RND\CastleActiveRecordTest-selct groupBy\CastleActiveRecordTest\shared\Castle.ActiveRecord.Web.dll" />
      <DeploymentItem filename="D:\Ajit\RND\CastleActiveRecordTest-selct groupBy\packages\Iesi.Collections.3.1.0.4000\lib\Net35\Iesi.Collections.dll" />
      <DeploymentItem filename="D:\Ajit\RND\CastleActiveRecordTest-selct groupBy\CastleActiveRecordTest\shared\Castle.ActiveRecord.dll" />
      <DeploymentItem filename="D:\Ajit\RND\CastleActiveRecordTest-selct groupBy\CastleActiveRecordTest\shared\Castle.Core.dll" />
      <DeploymentItem filename="D:\Ajit\RND\CastleActiveRecordTest-selct groupBy\packages\NHibernate.3.1.0.4000\lib\Net35\NHibernate.dll" />
      <DeploymentItem filename="D:\Ajit\RND\CastleActiveRecordTest-selct groupBy\NewTest\bin\Debug\EntityFramework.dll" />
      <DeploymentItem filename="D:\Ajit\RND\CastleActiveRecordTest-selct groupBy\CastleActiveRecordTest\bin\CastleActiveRecordTest.dll" />
      <DeploymentItem filename="D:\Ajit\RND\CastleActiveRecordTest-selct groupBy\CastleActiveRecordTest\shared\Castle.Components.Validator.dll" />
    </Deployment>
    <Execution>
      <TestTypeSpecific />
      <AgentRule name="Execution Agents">
      </AgentRule>
    </Execution>
  </TestSettings>
  <Times creation="2013-01-20T23:15:57.7829639+01:00" queuing="2013-01-20T23:15:59.1352090+01:00" start="2013-01-20T23:15:59.3302110+01:00" finish="2013-01-20T23:17:20.5605768+01:00" />
  <ResultSummary outcome="Error">
    <Counters total="1" executed="1" error="0" failed="0" timeout="0" aborted="1" inconclusive="0" passedButRunAborted="0" notRunnable="0" notExecuted="0" disconnected="0" warning="0" passed="0" completed="0" inProgress="0" pending="0" />
    <RunInfos>
      <RunInfo computerName="AJIT-PC" outcome="Error" timestamp="2013-01-20T23:17:20.5605768+01:00">
        <Text>Test host process exited unexpectedly.</Text>
      </RunInfo>
    </RunInfos>
  </ResultSummary>
  <TestDefinitions>
    <UnitTest name="AddProductTest" storage="d:\ajit\rnd\castleactiverecordtest-selct groupby\newtest\bin\debug\newtest.dll" id="48ddeb23-cc7d-070d-b64a-c9f720ce568c">
      <Execution id="670e1783-55a7-4f07-a495-968e41d635fd" />
      <TestMethod codeBase="D:/Ajit/RND/CastleActiveRecordTest-selct groupBy/NewTest/bin/Debug/NewTest.DLL" adapterTypeName="Microsoft.VisualStudio.TestTools.TestTypes.Unit.UnitTestAdapter, Microsoft.VisualStudio.QualityTools.Tips.UnitTest.Adapter, Version=10.0.0.0, Culture=neutral, PublicKeyToken=b03f5f7f11d50a3a" className="NewTest.MvcApplicationTest, NewTest, Version=1.0.0.0, Culture=neutral, PublicKeyToken=null" name="AddProductTest" />
    </UnitTest>
  </TestDefinitions>
  <TestLists>
    <TestList name="Results Not in a List" id="8c84fa94-04c1-424b-9868-57a2d4851a1d" />
    <TestList name="All Loaded Results" id="19431567-8539-422a-85d7-44ee4e166bda" />
  </TestLists>
  <TestEntries>
    <TestEntry testId="48ddeb23-cc7d-070d-b64a-c9f720ce568c" executionId="670e1783-55a7-4f07-a495-968e41d635fd" testListId="8c84fa94-04c1-424b-9868-57a2d4851a1d" />
  </TestEntries>
  <Results>
    <UnitTestResult executionId="670e1783-55a7-4f07-a495-968e41d635fd" testId="48ddeb23-cc7d-070d-b64a-c9f720ce568c" testName="AddProductTest" computerName="AJIT-PC" duration="00:01:21.0073836" startTime="2013-01-20T23:15:59.5531932+01:00" endTime="2013-01-20T23:17:20.5605768+01:00" testType="13cdc9d9-ddb5-4fa4-a97d-d965ccfc6d4b" outcome="Aborted" testListId="8c84fa94-04c1-424b-9868-57a2d4851a1d" relativeResultsDirectory="670e1783-55a7-4f07-a495-968e41d635fd">
    </UnitTestResult>
  </Results>
</TestRun>