<?xml version="1.0" encoding="UTF-8"?>
<TestRun id="195ea34b-d6d5-457c-b4e3-6e66a96c75db" name="Ajit@AJIT-PC 2013-01-20 23:17:25" runUser="AJIT-PC\Ajit" xmlns="http://microsoft.com/schemas/VisualStudio/TeamTest/2010">
  <TestSettings name="Local" id="ba7c3b81-89d2-4976-b032-f712b6ba6f57">
    <Description>These are default test settings for a local test run.</Description>
    <Deployment userDeploymentRoot="D:\Ajit\RND\CastleActiveRecordTest-selct groupBy\TestResults" useDefaultDeploymentRoot="false" enabled="false" runDeploymentRoot="Ajit_AJIT-PC 2013-01-20 23_17_25">
      <DeploymentItem filename="D:\Ajit\RND\CastleActiveRecordTest-selct groupBy\CastleActiveRecordTest\shared\NHibernate.ByteCode.Castle.dll" />
      <DeploymentItem filename="D:\Ajit\RND\CastleActiveRecordTest-selct groupBy\CastleActiveRecordTest\shared\Castle.ActiveRecord.Web.dll" />
      <DeploymentItem filename="D:\Ajit\RND\CastleActiveRecordTest-selct groupBy\packages\Iesi.Collections.3.1.0.4000\lib\Net35\Iesi.Collections.dll" />
      <DeploymentItem filename="D:\Ajit\RND\CastleActiveRecordTest-selct groupBy\CastleActiveRecordTest\shared\Castle.ActiveRecord.dll" />
      <DeploymentItem filename="D:\Ajit\RND\CastleActiveRecordTest-selct groupBy\CastleActiveRecordTest\shared\Castle.Core.dll" />
      <DeploymentItem filename="D:\Ajit\RND\CastleActiveRecordTest-selct groupBy\packages\NHibernate.3.1.0.4000\lib\Net35\NHibernate.dll" />
      <DeploymentItem filename="D:\Ajit\RND\CastleActiveRecordTest-selct groupBy\NewTest\bin\Debug\EntityFramework.dll" />
      <DeploymentItem filename="D:\Ajit\RND\CastleActiveRecordTest-selct groupBy\CastleActiveRecordTest\bin\CastleActiveRecordTest.dll" />
      <DeploymentItem filename="D:\Ajit\RND\CastleActiveRecordTest-selct groupBy\CastleActiveRecordTest\shared\Castle.Components.Validator.dll" />
    </Deployment>
    <Execution>
      <TestTypeSpecific />
      <AgentRule name="Execution Agents">
      </AgentRule>
    </Execution>
  </TestSettings>
  <Times creation="2013-01-20T23:17:25.3261606+01:00" queuing="2013-01-20T23:17:25.4411744+01:00" start="2013-01-20T23:17:25.4692240+01:00" finish="2013-01-20T23:17:28.4085556+01:00" />
  <ResultSummary outcome="Completed">
    <Counters total="1" executed="1" passed="1" error="0" failed="0" timeout="0" aborted="0" inconclusive="0" passedButRunAborted="0" notRunnable="0" notExecuted="0" disconnected="0" warning="0" completed="0" inProgress="0" pending="0" />
  </ResultSummary>
  <TestDefinitions>
    <UnitTest name="AddProductTest" storage="d:\ajit\rnd\castleactiverecordtest-selct groupby\newtest\bin\debug\newtest.dll" id="48ddeb23-cc7d-070d-b64a-c9f720ce568c">
      <Execution id="b1e6b1c5-a0f4-4deb-be82-c3e1cf96bbd7" />
      <TestMethod codeBase="D:/Ajit/RND/CastleActiveRecordTest-selct groupBy/NewTest/bin/Debug/NewTest.DLL" adapterTypeName="Microsoft.VisualStudio.TestTools.TestTypes.Unit.UnitTestAdapter, Microsoft.VisualStudio.QualityTools.Tips.UnitTest.Adapter, Version=10.0.0.0, Culture=neutral, PublicKeyToken=b03f5f7f11d50a3a" className="NewTest.MvcApplicationTest, NewTest, Version=1.0.0.0, Culture=neutral, PublicKeyToken=null" name="AddProductTest" />
    </UnitTest>
  </TestDefinitions>
  <TestLists>
    <TestList name="Results Not in a List" id="8c84fa94-04c1-424b-9868-57a2d4851a1d" />
    <TestList name="All Loaded Results" id="19431567-8539-422a-85d7-44ee4e166bda" />
  </TestLists>
  <TestEntries>
    <TestEntry testId="48ddeb23-cc7d-070d-b64a-c9f720ce568c" executionId="b1e6b1c5-a0f4-4deb-be82-c3e1cf96bbd7" testListId="8c84fa94-04c1-424b-9868-57a2d4851a1d" />
  </TestEntries>
  <Results>
    <UnitTestResult executionId="b1e6b1c5-a0f4-4deb-be82-c3e1cf96bbd7" testId="48ddeb23-cc7d-070d-b64a-c9f720ce568c" testName="AddProductTest" computerName="AJIT-PC" duration="00:00:00.3098002" startTime="2013-01-20T23:17:25.4771779+01:00" endTime="2013-01-20T23:17:26.8443749+01:00" testType="13cdc9d9-ddb5-4fa4-a97d-d965ccfc6d4b" outcome="Passed" testListId="8c84fa94-04c1-424b-9868-57a2d4851a1d" relativeResultsDirectory="b1e6b1c5-a0f4-4deb-be82-c3e1cf96bbd7">
    </UnitTestResult>
  </Results>
</TestRun>