<?xml version="1.0" encoding="UTF-8"?>
<TestRun id="ce10b9a6-6e17-428a-8b66-b786e69bccdf" name="achahal@S24S104 2013-01-18 15:45:30" runUser="ESCOUTNET\achahal" xmlns="http://microsoft.com/schemas/VisualStudio/TeamTest/2010">
  <TestSettings name="Local" id="ba7c3b81-89d2-4976-b032-f712b6ba6f57">
    <Description>These are default test settings for a local test run.</Description>
    <Deployment enabled="false" runDeploymentRoot="achahal_S24S104 2013-01-18 15_45_30">
      <DeploymentItem filename="D:\ajit\rnd\CastleActiveRecordTest\packages\EntityFramework.4.1.10331.0\lib\EntityFramework.dll" />
      <DeploymentItem filename="D:\ajit\rnd\CastleActiveRecordTest\CastleActiveRecordTest\bin\CastleActiveRecordTest.dll" />
      <DeploymentItem filename="D:\ajit\rnd\CastleActiveRecordTest\packages\Castle.Activerecord.3.0.0.1\lib\Net40\Castle.ActiveRecord.Web.dll" />
      <DeploymentItem filename="D:\ajit\rnd\CastleActiveRecordTest\packages\Castle.Activerecord.3.0.0.1\lib\Net40\Castle.ActiveRecord.dll" />
      <DeploymentItem filename="D:\ajit\rnd\CastleActiveRecordTest\packages\Iesi.Collections.3.2.0.4000\lib\Net35\Iesi.Collections.dll" />
      <DeploymentItem filename="D:\ajit\rnd\CastleActiveRecordTest\packages\Castle.Components.Validator.2.5.0\lib\NET40\Castle.Components.Validator.dll" />
      <DeploymentItem filename="D:\ajit\rnd\CastleActiveRecordTest\packages\NHibernate.3.3.1.4000\lib\Net35\NHibernate.dll" />
      <DeploymentItem filename="D:\ajit\rnd\CastleActiveRecordTest\packages\Castle.Core.3.0.0.4001\lib\net40-client\Castle.Core.dll" />
      <DeploymentItem filename="D:\ajit\rnd\CastleActiveRecordTest\packages\Castle.Activerecord.3.0.0.1\lib\Net40\NHibernate.Search.dll" />
    </Deployment>
    <Execution>
      <TestTypeSpecific />
      <AgentRule name="Execution Agents">
      </AgentRule>
    </Execution>
  </TestSettings>
  <Times creation="2013-01-18T15:45:30.5870044+01:00" queuing="2013-01-18T15:45:31.2970754+01:00" start="2013-01-18T15:45:31.3330790+01:00" finish="2013-01-18T15:45:53.1942649+01:00" />
  <ResultSummary outcome="Error">
    <Counters total="1" executed="1" error="0" failed="0" timeout="0" aborted="1" inconclusive="0" passedButRunAborted="0" notRunnable="0" notExecuted="0" disconnected="0" warning="0" passed="0" completed="0" inProgress="0" pending="0" />
    <RunInfos>
      <RunInfo computerName="S24S104" outcome="Error" timestamp="2013-01-18T15:45:53.1942649+01:00">
        <Text>Test host process exited unexpectedly.</Text>
      </RunInfo>
    </RunInfos>
  </ResultSummary>
  <TestDefinitions>
    <UnitTest name="ReportsTest" storage="d:\ajit\rnd\castleactiverecordtest\castleactiverecordtest_test\bin\debug\castleactiverecordtest_test.dll" id="717f1eda-06b5-6edd-12fa-20142b914bab">
      <Execution id="93369148-08e4-4c6c-91f2-b273dd1db624" />
      <TestMethod codeBase="D:/ajit/rnd/CastleActiveRecordTest/CastleActiveRecordTest_Test/bin/Debug/CastleActiveRecordTest_Test.DLL" adapterTypeName="Microsoft.VisualStudio.TestTools.TestTypes.Unit.UnitTestAdapter, Microsoft.VisualStudio.QualityTools.Tips.UnitTest.Adapter, Version=10.0.0.0, Culture=neutral, PublicKeyToken=b03f5f7f11d50a3a" className="CastleActiveRecordTest_Test.MvcApplicationTest, CastleActiveRecordTest_Test, Version=1.0.0.0, Culture=neutral, PublicKeyToken=null" name="ReportsTest" />
    </UnitTest>
  </TestDefinitions>
  <TestLists>
    <TestList name="Results Not in a List" id="8c84fa94-04c1-424b-9868-57a2d4851a1d" />
    <TestList name="All Loaded Results" id="19431567-8539-422a-85d7-44ee4e166bda" />
  </TestLists>
  <TestEntries>
    <TestEntry testId="717f1eda-06b5-6edd-12fa-20142b914bab" executionId="93369148-08e4-4c6c-91f2-b273dd1db624" testListId="8c84fa94-04c1-424b-9868-57a2d4851a1d" />
  </TestEntries>
  <Results>
    <UnitTestResult executionId="93369148-08e4-4c6c-91f2-b273dd1db624" testId="717f1eda-06b5-6edd-12fa-20142b914bab" testName="ReportsTest" computerName="S24S104" duration="00:00:21.8371835" startTime="2013-01-18T15:45:31.3570814+01:00" endTime="2013-01-18T15:45:53.1942649+01:00" testType="13cdc9d9-ddb5-4fa4-a97d-d965ccfc6d4b" outcome="Aborted" testListId="8c84fa94-04c1-424b-9868-57a2d4851a1d" relativeResultsDirectory="93369148-08e4-4c6c-91f2-b273dd1db624">
    </UnitTestResult>
  </Results>
</TestRun>