<?xml version="1.0" encoding="UTF-8"?>
<TestRun id="c416ac14-caa2-4ac4-975f-b8c1667f1d60" name="achahal@S24S104 2012-07-11 09:59:48" runUser="ESCOUTNET\achahal" xmlns="http://microsoft.com/schemas/VisualStudio/TeamTest/2010">
  <TestSettings name="Local" id="4552a4c2-1841-47c8-a00d-33c09781c4f6">
    <Description>These are default test settings for a local test run.</Description>
    <Deployment enabled="false" runDeploymentRoot="achahal_S24S104 2012-07-11 09_59_48">
      <DeploymentItem filename="d:\ajit\rnd\NihibernateTest\packages\Castle.Activerecord.3.0.0.1\lib\Net40\Castle.ActiveRecord.Web.dll" />
      <DeploymentItem filename="d:\ajit\rnd\NihibernateTest\packages\Iesi.Collections.3.2.0.4000\lib\Net35\Iesi.Collections.dll" />
      <DeploymentItem filename="d:\ajit\rnd\NihibernateTest\packages\Castle.Core.3.0.0.4001\lib\net40-client\Castle.Core.dll" />
      <DeploymentItem filename="d:\ajit\rnd\NihibernateTest\NihibernateTest\bin\NihibernateTest.dll" />
      <DeploymentItem filename="d:\ajit\rnd\NihibernateTest\NihibernateTest_Tests\bin\Debug\EntityFramework.dll" />
      <DeploymentItem filename="d:\ajit\rnd\NihibernateTest\NihibernateTest_Tests\bin\Debug\Castle.ActiveRecord.dll" />
      <DeploymentItem filename="d:\ajit\rnd\NihibernateTest\packages\NHibernate.3.3.1.4000\lib\Net35\NHibernate.dll" />
      <DeploymentItem filename="d:\ajit\rnd\NihibernateTest\NihibernateTest_Tests\bin\Debug\NHibernate.Search.dll" />
      <DeploymentItem filename="d:\ajit\rnd\NihibernateTest\NihibernateTest_Tests\bin\Debug\Castle.Components.Validator.dll" />
    </Deployment>
    <Execution>
      <TestTypeSpecific />
      <AgentRule name="Execution Agents">
      </AgentRule>
    </Execution>
  </TestSettings>
  <Times creation="2012-07-11T09:59:48.7744466+02:00" queuing="2012-07-11T09:59:48.8164466+02:00" start="2012-07-11T09:59:48.8204466+02:00" finish="2012-07-11T09:59:49.7864466+02:00" />
  <ResultSummary outcome="Failed">
    <Counters total="1" executed="1" error="0" failed="1" timeout="0" aborted="0" inconclusive="0" passedButRunAborted="0" notRunnable="0" notExecuted="0" disconnected="0" warning="0" passed="0" completed="0" inProgress="0" pending="0" />
  </ResultSummary>
  <TestDefinitions>
    <UnitTest name="SavePerson" storage="d:\ajit\rnd\nihibernatetest\nihibernatetest_tests\bin\debug\nihibernatetest_tests.dll" id="048c890b-ef41-ca05-e69c-77986fe524e3">
      <Execution id="0cf5cb3d-2941-4401-aaf0-bb00b5daeb40" />
      <TestMethod codeBase="d:/ajit/rnd/NihibernateTest/NihibernateTest_Tests/bin/Debug/NihibernateTest_Tests.DLL" adapterTypeName="Microsoft.VisualStudio.TestTools.TestTypes.Unit.UnitTestAdapter, Microsoft.VisualStudio.QualityTools.Tips.UnitTest.Adapter, Version=10.0.0.0, Culture=neutral, PublicKeyToken=b03f5f7f11d50a3a" className="NihibernateTest_Tests.PersonTest, NihibernateTest_Tests, Version=1.0.0.0, Culture=neutral, PublicKeyToken=null" name="SavePerson" />
    </UnitTest>
  </TestDefinitions>
  <TestLists>
    <TestList name="Results Not in a List" id="8c84fa94-04c1-424b-9868-57a2d4851a1d" />
    <TestList name="All Loaded Results" id="19431567-8539-422a-85d7-44ee4e166bda" />
  </TestLists>
  <TestEntries>
    <TestEntry testId="048c890b-ef41-ca05-e69c-77986fe524e3" executionId="0cf5cb3d-2941-4401-aaf0-bb00b5daeb40" testListId="8c84fa94-04c1-424b-9868-57a2d4851a1d" />
  </TestEntries>
  <Results>
    <UnitTestResult executionId="0cf5cb3d-2941-4401-aaf0-bb00b5daeb40" testId="048c890b-ef41-ca05-e69c-77986fe524e3" testName="SavePerson" computerName="S24S104" duration="00:00:00.8369239" startTime="2012-07-11T09:59:48.8214466+02:00" endTime="2012-07-11T09:59:49.7764466+02:00" testType="13cdc9d9-ddb5-4fa4-a97d-d965ccfc6d4b" outcome="Failed" testListId="8c84fa94-04c1-424b-9868-57a2d4851a1d" relativeResultsDirectory="0cf5cb3d-2941-4401-aaf0-bb00b5daeb40">
      <Output>
        <ErrorInfo>
          <Message>Test method NihibernateTest_Tests.PersonTest.SavePerson threw exception: 
Castle.ActiveRecord.Framework.ActiveRecordException: Could not perform Create for Person ---&gt; NHibernate.AssertionFailure: null identifier</Message>
          <StackTrace>    at NHibernate.Engine.EntityKey..ctor(Object identifier, String rootEntityName, String entityName, IType identifierType, Boolean batchLoadable, ISessionFactoryImplementor factory, EntityMode entityMode)
   at NHibernate.Engine.EntityKey..ctor(Object id, IEntityPersister persister, EntityMode entityMode)
   at NHibernate.Event.Default.AbstractSaveEventListener.PerformSaveOrReplicate(Object entity, EntityKey key, IEntityPersister persister, Boolean useIdentityColumn, Object anything, IEventSource source, Boolean requiresImmediateIdAccess)
   at NHibernate.Event.Default.AbstractSaveEventListener.PerformSave(Object entity, Object id, IEntityPersister persister, Boolean useIdentityColumn, Object anything, IEventSource source, Boolean requiresImmediateIdAccess)
   at NHibernate.Event.Default.AbstractSaveEventListener.SaveWithGeneratedId(Object entity, String entityName, Object anything, IEventSource source, Boolean requiresImmediateIdAccess)
   at NHibernate.Event.Default.DefaultSaveOrUpdateEventListener.SaveWithGeneratedOrRequestedId(SaveOrUpdateEvent event)
   at NHibernate.Event.Default.DefaultSaveEventListener.SaveWithGeneratedOrRequestedId(SaveOrUpdateEvent event)
   at NHibernate.Event.Default.DefaultSaveOrUpdateEventListener.EntityIsTransient(SaveOrUpdateEvent event)
   at NHibernate.Event.Default.DefaultSaveEventListener.PerformSaveOrUpdate(SaveOrUpdateEvent event)
   at NHibernate.Event.Default.DefaultSaveOrUpdateEventListener.OnSaveOrUpdate(SaveOrUpdateEvent event)
   at NHibernate.Impl.SessionImpl.FireSave(SaveOrUpdateEvent event)
   at NHibernate.Impl.SessionImpl.Save(Object obj)
   at Castle.ActiveRecord.ActiveRecordBase.InternalCreate(Object instance, Boolean flush)
 --- End of inner exception stack trace ---
    at Castle.ActiveRecord.ActiveRecordBase.InternalCreate(Object instance, Boolean flush)
   at Castle.ActiveRecord.ActiveRecordBase.Create()
   at NihibernateTest_Tests.PersonTest.SavePerson() in d:\ajit\rnd\NihibernateTest\NihibernateTest_Tests\PersonTest.cs:line 73
</StackTrace>
        </ErrorInfo>
      </Output>
    </UnitTestResult>
  </Results>
</TestRun>