<?xml version="1.0" encoding="UTF-8"?>
<TestRun id="b2ac9432-22e6-4836-a62f-6baa86dfbe4a" name="achahal@S24S104 2013-01-18 16:23:42" runUser="ESCOUTNET\achahal" xmlns="http://microsoft.com/schemas/VisualStudio/TeamTest/2010">
  <TestSettings name="Local" id="ba7c3b81-89d2-4976-b032-f712b6ba6f57">
    <Description>These are default test settings for a local test run.</Description>
    <Deployment enabled="false" runDeploymentRoot="achahal_S24S104 2013-01-18 16_23_42">
      <DeploymentItem filename="D:\ajit\rnd\CastleActiveRecordTest\NewTest\bin\Debug\Iesi.Collections.dll" />
      <DeploymentItem filename="D:\ajit\rnd\CastleActiveRecordTest\CastleActiveRecordTest\bin\CastleActiveRecordTest.dll" />
      <DeploymentItem filename="D:\ajit\rnd\CastleActiveRecordTest\packages\Castle.Activerecord.3.0.0.1\lib\Net40\Castle.ActiveRecord.Web.dll" />
      <DeploymentItem filename="D:\ajit\rnd\CastleActiveRecordTest\packages\Castle.Activerecord.3.0.0.1\lib\Net40\Castle.ActiveRecord.dll" />
      <DeploymentItem filename="D:\ajit\rnd\CastleActiveRecordTest\packages\Castle.Activerecord.3.0.0.1\lib\Net40\NHibernate.Search.dll" />
      <DeploymentItem filename="D:\ajit\rnd\CastleActiveRecordTest\packages\Castle.Components.Validator.2.5.0\lib\NET40\Castle.Components.Validator.dll" />
      <DeploymentItem filename="D:\ajit\rnd\CastleActiveRecordTest\NewTest\bin\Debug\NHibernate.dll" />
      <DeploymentItem filename="D:\ajit\rnd\CastleActiveRecordTest\NewTest\bin\Debug\EntityFramework.dll" />
      <DeploymentItem filename="D:\ajit\rnd\CastleActiveRecordTest\NewTest\bin\Debug\Castle.Core.dll" />
    </Deployment>
    <Execution>
      <TestTypeSpecific />
      <AgentRule name="Execution Agents">
      </AgentRule>
    </Execution>
  </TestSettings>
  <Times creation="2013-01-18T16:23:42.8382066+01:00" queuing="2013-01-18T16:23:43.5802808+01:00" start="2013-01-18T16:23:43.6122840+01:00" finish="2013-01-18T16:26:49.1858395+01:00" />
  <ResultSummary outcome="Error">
    <Counters total="1" executed="1" error="0" failed="0" timeout="0" aborted="1" inconclusive="0" passedButRunAborted="0" notRunnable="0" notExecuted="0" disconnected="0" warning="0" passed="0" completed="0" inProgress="0" pending="0" />
    <RunInfos>
      <RunInfo computerName="S24S104" outcome="Error" timestamp="2013-01-18T16:26:49.1858395+01:00">
        <Text>Test host process exited unexpectedly.</Text>
      </RunInfo>
    </RunInfos>
  </ResultSummary>
  <TestDefinitions>
    <UnitTest name="ReportsGetTest" storage="d:\ajit\rnd\castleactiverecordtest\newtest\bin\debug\newtest.dll" id="86c34846-de0b-cb7e-2f91-fd69d9afb818">
      <Execution id="27f07cfe-c71c-4b63-8e45-2426d1a4db7a" />
      <TestMethod codeBase="D:/ajit/rnd/CastleActiveRecordTest/NewTest/bin/Debug/NewTest.DLL" adapterTypeName="Microsoft.VisualStudio.TestTools.TestTypes.Unit.UnitTestAdapter, Microsoft.VisualStudio.QualityTools.Tips.UnitTest.Adapter, Version=10.0.0.0, Culture=neutral, PublicKeyToken=b03f5f7f11d50a3a" className="NewTest.MvcApplicationTest, NewTest, Version=1.0.0.0, Culture=neutral, PublicKeyToken=null" name="ReportsGetTest" />
    </UnitTest>
  </TestDefinitions>
  <TestLists>
    <TestList name="Results Not in a List" id="8c84fa94-04c1-424b-9868-57a2d4851a1d" />
    <TestList name="All Loaded Results" id="19431567-8539-422a-85d7-44ee4e166bda" />
  </TestLists>
  <TestEntries>
    <TestEntry testId="86c34846-de0b-cb7e-2f91-fd69d9afb818" executionId="27f07cfe-c71c-4b63-8e45-2426d1a4db7a" testListId="8c84fa94-04c1-424b-9868-57a2d4851a1d" />
  </TestEntries>
  <Results>
    <UnitTestResult executionId="27f07cfe-c71c-4b63-8e45-2426d1a4db7a" testId="86c34846-de0b-cb7e-2f91-fd69d9afb818" testName="ReportsGetTest" computerName="S24S104" duration="00:03:05.5395521" startTime="2013-01-18T16:23:43.6462874+01:00" endTime="2013-01-18T16:26:49.1858395+01:00" testType="13cdc9d9-ddb5-4fa4-a97d-d965ccfc6d4b" outcome="Aborted" testListId="8c84fa94-04c1-424b-9868-57a2d4851a1d" relativeResultsDirectory="27f07cfe-c71c-4b63-8e45-2426d1a4db7a">
    </UnitTestResult>
  </Results>
</TestRun>