<?xml version="1.0" encoding="UTF-8"?>
<TestRun id="a85a6f6e-f455-408c-a23f-33ce5f799f2d" name="achahal@S24S104 2012-08-30 16:57:51" runUser="ESCOUTNET\achahal" xmlns="http://microsoft.com/schemas/VisualStudio/TeamTest/2010">
  <TestSettings name="Local" id="5069fc2f-3c19-48d3-ac04-26a734c6588f">
    <Description>These are default test settings for a local test run.</Description>
    <Deployment userDeploymentRoot="D:\ajit\rnd\ActiveRecordRelations\TestResults" useDefaultDeploymentRoot="false" enabled="false" runDeploymentRoot="achahal_S24S104 2012-08-30 16_57_51">
      <DeploymentItem filename="D:\ajit\rnd\ActiveRecordRelations\packages\NHibernate.3.1.0.4000\lib\Net35\NHibernate.dll" />
      <DeploymentItem filename="D:\ajit\rnd\ActiveRecordRelations\ARR.Business\bin\Debug\ARR.Business.dll" />
      <DeploymentItem filename="D:\ajit\rnd\ActiveRecordRelations\shared\Castle.ActiveRecord.Web.dll" />
      <DeploymentItem filename="D:\ajit\rnd\ActiveRecordRelations\packages\Iesi.Collections.3.1.0.4000\lib\Net35\Iesi.Collections.dll" />
      <DeploymentItem filename="D:\ajit\rnd\ActiveRecordRelations\shared\Castle.Components.Validator.dll" />
      <DeploymentItem filename="D:\ajit\rnd\ActiveRecordRelations\shared\Castle.Core.dll" />
      <DeploymentItem filename="D:\ajit\rnd\ActiveRecordRelations\shared\Castle.ActiveRecord.dll" />
      <DeploymentItem filename="D:\ajit\rnd\ActiveRecordRelations\shared\NHibernate.ByteCode.Castle.dll" />
    </Deployment>
    <Execution>
      <TestTypeSpecific />
      <AgentRule name="Execution Agents">
      </AgentRule>
    </Execution>
  </TestSettings>
  <Times creation="2012-08-30T16:57:51.8215659+02:00" queuing="2012-08-30T16:57:51.9465784+02:00" start="2012-08-30T16:57:51.9685806+02:00" finish="2012-08-30T16:57:54.7918629+02:00" />
  <ResultSummary outcome="Failed">
    <Counters total="1" executed="1" error="0" failed="1" timeout="0" aborted="0" inconclusive="0" passedButRunAborted="0" notRunnable="0" notExecuted="0" disconnected="0" warning="0" passed="0" completed="0" inProgress="0" pending="0" />
  </ResultSummary>
  <TestDefinitions>
    <UnitTest name="UpdateProductTest" storage="d:\ajit\rnd\activerecordrelations\testproject1\bin\debug\testproject1.dll" id="017dbe6e-2369-89bd-e6a8-12d2ac46622a">
      <Execution id="ace6b0fb-3e20-450a-b71c-4fa79022db83" />
      <TestMethod codeBase="D:/ajit/rnd/ActiveRecordRelations/TestProject1/bin/Debug/TestProject1.DLL" adapterTypeName="Microsoft.VisualStudio.TestTools.TestTypes.Unit.UnitTestAdapter, Microsoft.VisualStudio.QualityTools.Tips.UnitTest.Adapter, Version=10.0.0.0, Culture=neutral, PublicKeyToken=b03f5f7f11d50a3a" className="TestProject1.ProductTest, TestProject1, Version=1.0.0.0, Culture=neutral, PublicKeyToken=null" name="UpdateProductTest" />
    </UnitTest>
  </TestDefinitions>
  <TestLists>
    <TestList name="Results Not in a List" id="8c84fa94-04c1-424b-9868-57a2d4851a1d" />
    <TestList name="All Loaded Results" id="19431567-8539-422a-85d7-44ee4e166bda" />
  </TestLists>
  <TestEntries>
    <TestEntry testId="017dbe6e-2369-89bd-e6a8-12d2ac46622a" executionId="ace6b0fb-3e20-450a-b71c-4fa79022db83" testListId="8c84fa94-04c1-424b-9868-57a2d4851a1d" />
  </TestEntries>
  <Results>
    <UnitTestResult executionId="ace6b0fb-3e20-450a-b71c-4fa79022db83" testId="017dbe6e-2369-89bd-e6a8-12d2ac46622a" testName="UpdateProductTest" computerName="S24S104" duration="00:00:00.4491379" startTime="2012-08-30T16:57:51.9745812+02:00" endTime="2012-08-30T16:57:53.2597097+02:00" testType="13cdc9d9-ddb5-4fa4-a97d-d965ccfc6d4b" outcome="Failed" testListId="8c84fa94-04c1-424b-9868-57a2d4851a1d" relativeResultsDirectory="ace6b0fb-3e20-450a-b71c-4fa79022db83">
      <Output>
        <ErrorInfo>
          <Message>Test method TestProject1.ProductTest.UpdateProductTest threw exception: 
System.NullReferenceException: Object reference not set to an instance of an object.</Message>
          <StackTrace>    at TestProject1.ProductTest.UpdateProductTest() in D:\ajit\rnd\ActiveRecordRelations\TestProject1\ProductTest.cs:line 102
</StackTrace>
        </ErrorInfo>
      </Output>
    </UnitTestResult>
  </Results>
</TestRun>